<?xml version="1.0" encoding="UTF-8"?>
<!-- Generated by org.testng.reporters.JUnitXMLReporter -->
<testsuite ignored="0" hostname="pop-os" failures="0" tests="3" name="TD&amp;V.TestNG" time="0.028" errors="0" timestamp="15 Oct 2020 14:55:10 GMT">
  <testcase classname="restaurantTest.AlmacenTest" name="testEsPosibleCocinar" time="0.001"/>
  <testcase classname="restaurantTest.AlmacenTest" name="testIngresaIngredientes" time="0.001"/>
  <testcase classname="restaurantTest.AlmacenTest" name="testIngresaIngredientes" time="0.0"/>
</testsuite> <!-- TD&V.TestNG -->
